{"/Users/mirjatschakarov/Documents/WEBSITES/mirja-tschakarov.de/src/js/drawCanvas.ts": {"path":"/Users/mirjatschakarov/Documents/WEBSITES/mirja-tschakarov.de/src/js/drawCanvas.ts","all":false,"statementMap":{"0":{"start":{"line":1,"column":0},"end":{"line":1,"column":79}},"1":{"start":{"line":2,"column":0},"end":{"line":2,"column":41}},"2":{"start":{"line":3,"column":0},"end":{"line":3,"column":0}},"3":{"start":{"line":4,"column":0},"end":{"line":4,"column":28}},"4":{"start":{"line":5,"column":0},"end":{"line":5,"column":30}},"5":{"start":{"line":6,"column":0},"end":{"line":6,"column":18}},"6":{"start":{"line":7,"column":0},"end":{"line":7,"column":19}},"7":{"start":{"line":8,"column":0},"end":{"line":8,"column":18}},"8":{"start":{"line":9,"column":0},"end":{"line":9,"column":41}},"9":{"start":{"line":10,"column":0},"end":{"line":10,"column":55}},"10":{"start":{"line":11,"column":0},"end":{"line":11,"column":18}},"11":{"start":{"line":12,"column":0},"end":{"line":12,"column":22}},"12":{"start":{"line":13,"column":0},"end":{"line":13,"column":0}},"13":{"start":{"line":14,"column":0},"end":{"line":14,"column":163}},"14":{"start":{"line":15,"column":0},"end":{"line":15,"column":29}},"15":{"start":{"line":16,"column":0},"end":{"line":16,"column":27}},"16":{"start":{"line":17,"column":0},"end":{"line":17,"column":29}},"17":{"start":{"line":18,"column":0},"end":{"line":18,"column":26}},"18":{"start":{"line":19,"column":0},"end":{"line":19,"column":27}},"19":{"start":{"line":20,"column":0},"end":{"line":20,"column":48}},"20":{"start":{"line":21,"column":0},"end":{"line":21,"column":53}},"21":{"start":{"line":22,"column":0},"end":{"line":22,"column":26}},"22":{"start":{"line":23,"column":0},"end":{"line":23,"column":20}},"23":{"start":{"line":24,"column":0},"end":{"line":24,"column":5}},"24":{"start":{"line":25,"column":0},"end":{"line":25,"column":0}},"25":{"start":{"line":26,"column":0},"end":{"line":26,"column":13}},"26":{"start":{"line":27,"column":0},"end":{"line":27,"column":29}},"27":{"start":{"line":28,"column":0},"end":{"line":28,"column":46}},"28":{"start":{"line":29,"column":0},"end":{"line":29,"column":12}},"29":{"start":{"line":30,"column":0},"end":{"line":30,"column":42}},"30":{"start":{"line":31,"column":0},"end":{"line":31,"column":51}},"31":{"start":{"line":32,"column":0},"end":{"line":32,"column":36}},"32":{"start":{"line":33,"column":0},"end":{"line":33,"column":12}},"33":{"start":{"line":34,"column":0},"end":{"line":34,"column":41}},"34":{"start":{"line":35,"column":0},"end":{"line":35,"column":58}},"35":{"start":{"line":36,"column":0},"end":{"line":36,"column":64}},"36":{"start":{"line":37,"column":0},"end":{"line":37,"column":131}},"37":{"start":{"line":38,"column":0},"end":{"line":38,"column":142}},"38":{"start":{"line":39,"column":0},"end":{"line":39,"column":75}},"39":{"start":{"line":40,"column":0},"end":{"line":40,"column":44}},"40":{"start":{"line":41,"column":0},"end":{"line":41,"column":12}},"41":{"start":{"line":42,"column":0},"end":{"line":42,"column":31}},"42":{"start":{"line":43,"column":0},"end":{"line":43,"column":9}},"43":{"start":{"line":44,"column":0},"end":{"line":44,"column":45}},"44":{"start":{"line":45,"column":0},"end":{"line":45,"column":30}},"45":{"start":{"line":46,"column":0},"end":{"line":46,"column":123}},"46":{"start":{"line":47,"column":0},"end":{"line":47,"column":38}},"47":{"start":{"line":48,"column":0},"end":{"line":48,"column":8}},"48":{"start":{"line":49,"column":0},"end":{"line":49,"column":23}},"49":{"start":{"line":50,"column":0},"end":{"line":50,"column":25}},"50":{"start":{"line":51,"column":0},"end":{"line":51,"column":47}},"51":{"start":{"line":52,"column":0},"end":{"line":52,"column":78}},"52":{"start":{"line":53,"column":0},"end":{"line":53,"column":33}},"53":{"start":{"line":54,"column":0},"end":{"line":54,"column":41}},"54":{"start":{"line":55,"column":0},"end":{"line":55,"column":98}},"55":{"start":{"line":56,"column":0},"end":{"line":56,"column":11}},"56":{"start":{"line":57,"column":0},"end":{"line":57,"column":5}},"57":{"start":{"line":58,"column":0},"end":{"line":58,"column":0}},"58":{"start":{"line":59,"column":0},"end":{"line":59,"column":60}},"59":{"start":{"line":60,"column":0},"end":{"line":60,"column":40}},"60":{"start":{"line":61,"column":0},"end":{"line":61,"column":48}},"61":{"start":{"line":62,"column":0},"end":{"line":62,"column":48}},"62":{"start":{"line":63,"column":0},"end":{"line":63,"column":6}},"63":{"start":{"line":64,"column":0},"end":{"line":64,"column":89}},"64":{"start":{"line":65,"column":0},"end":{"line":65,"column":48}},"65":{"start":{"line":66,"column":0},"end":{"line":66,"column":47}},"66":{"start":{"line":67,"column":0},"end":{"line":67,"column":66}},"67":{"start":{"line":68,"column":0},"end":{"line":68,"column":6}},"68":{"start":{"line":69,"column":0},"end":{"line":69,"column":27}},"69":{"start":{"line":70,"column":0},"end":{"line":70,"column":48}},"70":{"start":{"line":71,"column":0},"end":{"line":71,"column":47}},"71":{"start":{"line":72,"column":0},"end":{"line":72,"column":42}},"72":{"start":{"line":73,"column":0},"end":{"line":73,"column":44}},"73":{"start":{"line":74,"column":0},"end":{"line":74,"column":6}},"74":{"start":{"line":75,"column":0},"end":{"line":75,"column":28}},"75":{"start":{"line":76,"column":0},"end":{"line":76,"column":55}},"76":{"start":{"line":77,"column":0},"end":{"line":77,"column":55}},"77":{"start":{"line":78,"column":0},"end":{"line":78,"column":6}},"78":{"start":{"line":79,"column":0},"end":{"line":79,"column":43}},"79":{"start":{"line":80,"column":0},"end":{"line":80,"column":26}},"80":{"start":{"line":81,"column":0},"end":{"line":81,"column":26}},"81":{"start":{"line":82,"column":0},"end":{"line":82,"column":6}},"82":{"start":{"line":83,"column":0},"end":{"line":83,"column":32}},"83":{"start":{"line":84,"column":0},"end":{"line":84,"column":5}},"84":{"start":{"line":85,"column":0},"end":{"line":85,"column":0}},"85":{"start":{"line":86,"column":0},"end":{"line":86,"column":22}},"86":{"start":{"line":87,"column":0},"end":{"line":87,"column":51}},"87":{"start":{"line":88,"column":0},"end":{"line":88,"column":5}},"88":{"start":{"line":89,"column":0},"end":{"line":89,"column":0}},"89":{"start":{"line":90,"column":0},"end":{"line":90,"column":28}},"90":{"start":{"line":91,"column":0},"end":{"line":91,"column":34}},"91":{"start":{"line":92,"column":0},"end":{"line":92,"column":5}},"92":{"start":{"line":93,"column":0},"end":{"line":93,"column":0}},"93":{"start":{"line":94,"column":0},"end":{"line":94,"column":22}},"94":{"start":{"line":95,"column":0},"end":{"line":95,"column":49}},"95":{"start":{"line":96,"column":0},"end":{"line":96,"column":5}},"96":{"start":{"line":97,"column":0},"end":{"line":97,"column":0}},"97":{"start":{"line":98,"column":0},"end":{"line":98,"column":44}},"98":{"start":{"line":99,"column":0},"end":{"line":99,"column":57}},"99":{"start":{"line":100,"column":0},"end":{"line":100,"column":55}},"100":{"start":{"line":101,"column":0},"end":{"line":101,"column":61}},"101":{"start":{"line":102,"column":0},"end":{"line":102,"column":41}},"102":{"start":{"line":103,"column":0},"end":{"line":103,"column":5}},"103":{"start":{"line":104,"column":0},"end":{"line":104,"column":0}},"104":{"start":{"line":105,"column":0},"end":{"line":105,"column":57}},"105":{"start":{"line":106,"column":0},"end":{"line":106,"column":106}},"106":{"start":{"line":107,"column":0},"end":{"line":107,"column":51}},"107":{"start":{"line":108,"column":0},"end":{"line":108,"column":51}},"108":{"start":{"line":109,"column":0},"end":{"line":109,"column":47}},"109":{"start":{"line":110,"column":0},"end":{"line":110,"column":49}},"110":{"start":{"line":111,"column":0},"end":{"line":111,"column":103}},"111":{"start":{"line":112,"column":0},"end":{"line":112,"column":72}},"112":{"start":{"line":113,"column":0},"end":{"line":113,"column":73}},"113":{"start":{"line":114,"column":0},"end":{"line":114,"column":72}},"114":{"start":{"line":115,"column":0},"end":{"line":115,"column":73}},"115":{"start":{"line":116,"column":0},"end":{"line":116,"column":0}},"116":{"start":{"line":117,"column":0},"end":{"line":117,"column":62}},"117":{"start":{"line":118,"column":0},"end":{"line":118,"column":90}},"118":{"start":{"line":119,"column":0},"end":{"line":119,"column":36}},"119":{"start":{"line":120,"column":0},"end":{"line":120,"column":5}},"120":{"start":{"line":121,"column":0},"end":{"line":121,"column":0}},"121":{"start":{"line":122,"column":0},"end":{"line":122,"column":33}},"122":{"start":{"line":123,"column":0},"end":{"line":123,"column":47}},"123":{"start":{"line":124,"column":0},"end":{"line":124,"column":58}},"124":{"start":{"line":125,"column":0},"end":{"line":125,"column":80}},"125":{"start":{"line":126,"column":0},"end":{"line":126,"column":77}},"126":{"start":{"line":127,"column":0},"end":{"line":127,"column":103}},"127":{"start":{"line":128,"column":0},"end":{"line":128,"column":42}},"128":{"start":{"line":129,"column":0},"end":{"line":129,"column":41}},"129":{"start":{"line":130,"column":0},"end":{"line":130,"column":31}},"130":{"start":{"line":131,"column":0},"end":{"line":131,"column":41}},"131":{"start":{"line":132,"column":0},"end":{"line":132,"column":43}},"132":{"start":{"line":133,"column":0},"end":{"line":133,"column":55}},"133":{"start":{"line":134,"column":0},"end":{"line":134,"column":93}},"134":{"start":{"line":135,"column":0},"end":{"line":135,"column":61}},"135":{"start":{"line":136,"column":0},"end":{"line":136,"column":57}},"136":{"start":{"line":137,"column":0},"end":{"line":137,"column":45}},"137":{"start":{"line":138,"column":0},"end":{"line":138,"column":19}},"138":{"start":{"line":139,"column":0},"end":{"line":139,"column":74}},"139":{"start":{"line":140,"column":0},"end":{"line":140,"column":0}},"140":{"start":{"line":141,"column":0},"end":{"line":141,"column":9}},"141":{"start":{"line":142,"column":0},"end":{"line":142,"column":79}},"142":{"start":{"line":143,"column":0},"end":{"line":143,"column":29}},"143":{"start":{"line":144,"column":0},"end":{"line":144,"column":5}},"144":{"start":{"line":145,"column":0},"end":{"line":145,"column":0}},"145":{"start":{"line":146,"column":0},"end":{"line":146,"column":86}},"146":{"start":{"line":147,"column":0},"end":{"line":147,"column":8}},"147":{"start":{"line":148,"column":0},"end":{"line":148,"column":106}},"148":{"start":{"line":149,"column":0},"end":{"line":149,"column":36}},"149":{"start":{"line":150,"column":0},"end":{"line":150,"column":37}},"150":{"start":{"line":151,"column":0},"end":{"line":151,"column":37}},"151":{"start":{"line":152,"column":0},"end":{"line":152,"column":37}},"152":{"start":{"line":153,"column":0},"end":{"line":153,"column":0}},"153":{"start":{"line":154,"column":0},"end":{"line":154,"column":66}},"154":{"start":{"line":155,"column":0},"end":{"line":155,"column":70}},"155":{"start":{"line":156,"column":0},"end":{"line":156,"column":70}},"156":{"start":{"line":157,"column":0},"end":{"line":157,"column":11}},"157":{"start":{"line":158,"column":0},"end":{"line":158,"column":55}},"158":{"start":{"line":159,"column":0},"end":{"line":159,"column":31}},"159":{"start":{"line":160,"column":0},"end":{"line":160,"column":71}},"160":{"start":{"line":161,"column":0},"end":{"line":161,"column":14}},"161":{"start":{"line":162,"column":0},"end":{"line":162,"column":32}},"162":{"start":{"line":163,"column":0},"end":{"line":163,"column":84}},"163":{"start":{"line":164,"column":0},"end":{"line":164,"column":20}},"164":{"start":{"line":165,"column":0},"end":{"line":165,"column":33}},"165":{"start":{"line":166,"column":0},"end":{"line":166,"column":11}},"166":{"start":{"line":167,"column":0},"end":{"line":167,"column":26}},"167":{"start":{"line":168,"column":0},"end":{"line":168,"column":44}},"168":{"start":{"line":169,"column":0},"end":{"line":169,"column":27}},"169":{"start":{"line":170,"column":0},"end":{"line":170,"column":72}},"170":{"start":{"line":171,"column":0},"end":{"line":171,"column":9}},"171":{"start":{"line":172,"column":0},"end":{"line":172,"column":96}},"172":{"start":{"line":173,"column":0},"end":{"line":173,"column":21}},"173":{"start":{"line":174,"column":0},"end":{"line":174,"column":34}},"174":{"start":{"line":175,"column":0},"end":{"line":175,"column":101}},"175":{"start":{"line":176,"column":0},"end":{"line":176,"column":55}},"176":{"start":{"line":177,"column":0},"end":{"line":177,"column":44}},"177":{"start":{"line":178,"column":0},"end":{"line":178,"column":13}},"178":{"start":{"line":179,"column":0},"end":{"line":179,"column":49}},"179":{"start":{"line":180,"column":0},"end":{"line":180,"column":47}},"180":{"start":{"line":181,"column":0},"end":{"line":181,"column":13}},"181":{"start":{"line":182,"column":0},"end":{"line":182,"column":10}},"182":{"start":{"line":183,"column":0},"end":{"line":183,"column":149}},"183":{"start":{"line":184,"column":0},"end":{"line":184,"column":16}},"184":{"start":{"line":185,"column":0},"end":{"line":185,"column":47}},"185":{"start":{"line":186,"column":0},"end":{"line":186,"column":43}},"186":{"start":{"line":187,"column":0},"end":{"line":187,"column":9}},"187":{"start":{"line":188,"column":0},"end":{"line":188,"column":5}},"188":{"start":{"line":189,"column":0},"end":{"line":189,"column":0}},"189":{"start":{"line":190,"column":0},"end":{"line":190,"column":45}},"190":{"start":{"line":191,"column":0},"end":{"line":191,"column":69}},"191":{"start":{"line":192,"column":0},"end":{"line":192,"column":116}},"192":{"start":{"line":193,"column":0},"end":{"line":193,"column":25}},"193":{"start":{"line":194,"column":0},"end":{"line":194,"column":5}},"194":{"start":{"line":195,"column":0},"end":{"line":195,"column":0}},"195":{"start":{"line":196,"column":0},"end":{"line":196,"column":110}},"196":{"start":{"line":197,"column":0},"end":{"line":197,"column":8}},"197":{"start":{"line":198,"column":0},"end":{"line":198,"column":25}},"198":{"start":{"line":199,"column":0},"end":{"line":199,"column":24}},"199":{"start":{"line":200,"column":0},"end":{"line":200,"column":71}},"200":{"start":{"line":201,"column":0},"end":{"line":201,"column":70}},"201":{"start":{"line":202,"column":0},"end":{"line":202,"column":70}},"202":{"start":{"line":203,"column":0},"end":{"line":203,"column":9}},"203":{"start":{"line":204,"column":0},"end":{"line":204,"column":8}},"204":{"start":{"line":205,"column":0},"end":{"line":205,"column":29}},"205":{"start":{"line":206,"column":0},"end":{"line":206,"column":5}},"206":{"start":{"line":207,"column":0},"end":{"line":207,"column":0}},"207":{"start":{"line":208,"column":0},"end":{"line":208,"column":61}},"208":{"start":{"line":209,"column":0},"end":{"line":209,"column":36}},"209":{"start":{"line":210,"column":0},"end":{"line":210,"column":37}},"210":{"start":{"line":211,"column":0},"end":{"line":211,"column":29}},"211":{"start":{"line":212,"column":0},"end":{"line":212,"column":101}},"212":{"start":{"line":213,"column":0},"end":{"line":213,"column":34}},"213":{"start":{"line":214,"column":0},"end":{"line":214,"column":5}},"214":{"start":{"line":215,"column":0},"end":{"line":215,"column":0}},"215":{"start":{"line":216,"column":0},"end":{"line":216,"column":45}},"216":{"start":{"line":217,"column":0},"end":{"line":217,"column":44}},"217":{"start":{"line":218,"column":0},"end":{"line":218,"column":5}},"218":{"start":{"line":219,"column":0},"end":{"line":219,"column":0}},"219":{"start":{"line":220,"column":0},"end":{"line":220,"column":36}},"220":{"start":{"line":221,"column":0},"end":{"line":221,"column":52}},"221":{"start":{"line":222,"column":0},"end":{"line":222,"column":37}},"222":{"start":{"line":223,"column":0},"end":{"line":223,"column":5}},"223":{"start":{"line":224,"column":0},"end":{"line":224,"column":0}},"224":{"start":{"line":225,"column":0},"end":{"line":225,"column":28}},"225":{"start":{"line":226,"column":0},"end":{"line":226,"column":35}},"226":{"start":{"line":227,"column":0},"end":{"line":227,"column":5}},"227":{"start":{"line":228,"column":0},"end":{"line":228,"column":0}},"228":{"start":{"line":229,"column":0},"end":{"line":229,"column":32}},"229":{"start":{"line":230,"column":0},"end":{"line":230,"column":41}},"230":{"start":{"line":231,"column":0},"end":{"line":231,"column":5}},"231":{"start":{"line":232,"column":0},"end":{"line":232,"column":0}},"232":{"start":{"line":233,"column":0},"end":{"line":233,"column":21}},"233":{"start":{"line":234,"column":0},"end":{"line":234,"column":39}},"234":{"start":{"line":235,"column":0},"end":{"line":235,"column":41}},"235":{"start":{"line":236,"column":0},"end":{"line":236,"column":5}},"236":{"start":{"line":237,"column":0},"end":{"line":237,"column":0}},"237":{"start":{"line":238,"column":0},"end":{"line":238,"column":80}},"238":{"start":{"line":239,"column":0},"end":{"line":239,"column":29}},"239":{"start":{"line":240,"column":0},"end":{"line":240,"column":29}},"240":{"start":{"line":241,"column":0},"end":{"line":241,"column":46}},"241":{"start":{"line":242,"column":0},"end":{"line":242,"column":35}},"242":{"start":{"line":243,"column":0},"end":{"line":243,"column":37}},"243":{"start":{"line":244,"column":0},"end":{"line":244,"column":54}},"244":{"start":{"line":245,"column":0},"end":{"line":245,"column":29}},"245":{"start":{"line":246,"column":0},"end":{"line":246,"column":5}},"246":{"start":{"line":247,"column":0},"end":{"line":247,"column":88}},"247":{"start":{"line":248,"column":0},"end":{"line":248,"column":29}},"248":{"start":{"line":249,"column":0},"end":{"line":249,"column":29}},"249":{"start":{"line":250,"column":0},"end":{"line":250,"column":48}},"250":{"start":{"line":251,"column":0},"end":{"line":251,"column":37}},"251":{"start":{"line":252,"column":0},"end":{"line":252,"column":26}},"252":{"start":{"line":253,"column":0},"end":{"line":253,"column":29}},"253":{"start":{"line":254,"column":0},"end":{"line":254,"column":5}},"254":{"start":{"line":255,"column":0},"end":{"line":255,"column":0}},"255":{"start":{"line":256,"column":0},"end":{"line":256,"column":17}},"256":{"start":{"line":257,"column":0},"end":{"line":257,"column":29}},"257":{"start":{"line":258,"column":0},"end":{"line":258,"column":71}},"258":{"start":{"line":259,"column":0},"end":{"line":259,"column":5}},"259":{"start":{"line":260,"column":0},"end":{"line":260,"column":0}},"260":{"start":{"line":261,"column":0},"end":{"line":261,"column":56}},"261":{"start":{"line":262,"column":0},"end":{"line":262,"column":1}}},"s":{"0":1,"1":1,"2":1,"3":1,"4":1,"5":1,"6":1,"7":1,"8":1,"9":1,"10":1,"11":1,"12":1,"13":1,"14":5,"15":5,"16":5,"17":5,"18":5,"19":5,"20":5,"21":5,"22":5,"23":5,"24":1,"25":1,"26":5,"27":5,"28":0,"29":0,"30":0,"31":0,"32":0,"33":0,"34":0,"35":0,"36":0,"37":0,"38":0,"39":0,"40":0,"41":0,"42":0,"43":5,"44":5,"45":0,"46":0,"47":0,"48":0,"49":0,"50":0,"51":0,"52":0,"53":0,"54":0,"55":0,"56":0,"57":1,"58":1,"59":0,"60":0,"61":0,"62":0,"63":0,"64":0,"65":0,"66":0,"67":0,"68":0,"69":0,"70":0,"71":0,"72":0,"73":0,"74":0,"75":0,"76":0,"77":0,"78":0,"79":0,"80":0,"81":0,"82":0,"83":0,"84":1,"85":1,"86":0,"87":0,"88":1,"89":1,"90":1,"91":1,"92":1,"93":1,"94":0,"95":0,"96":1,"97":1,"98":6,"99":6,"100":8,"101":6,"102":6,"103":1,"104":1,"105":7,"106":7,"107":7,"108":7,"109":7,"110":7,"111":7,"112":7,"113":7,"114":7,"115":7,"116":7,"117":7,"118":7,"119":7,"120":1,"121":1,"122":0,"123":0,"124":0,"125":0,"126":0,"127":0,"128":0,"129":0,"130":0,"131":0,"132":0,"133":0,"134":0,"135":0,"136":0,"137":0,"138":0,"139":0,"140":0,"141":0,"142":0,"143":0,"144":1,"145":1,"146":5,"147":5,"148":5,"149":5,"150":5,"151":5,"152":5,"153":5,"154":5,"155":5,"156":5,"157":5,"158":5,"159":5,"160":5,"161":5,"162":5,"163":5,"164":5,"165":5,"166":174,"167":174,"168":174,"169":174,"170":174,"171":5,"172":5,"173":5,"174":5,"175":5,"176":5,"177":5,"178":5,"179":5,"180":5,"181":5,"182":5,"183":5,"184":5,"185":5,"186":5,"187":5,"188":1,"189":1,"190":4,"191":4,"192":4,"193":4,"194":1,"195":1,"196":0,"197":0,"198":0,"199":0,"200":0,"201":0,"202":0,"203":0,"204":0,"205":0,"206":1,"207":1,"208":174,"209":174,"210":174,"211":174,"212":174,"213":174,"214":1,"215":1,"216":8,"217":8,"218":1,"219":1,"220":0,"221":0,"222":0,"223":1,"224":1,"225":0,"226":0,"227":1,"228":1,"229":0,"230":0,"231":1,"232":1,"233":5,"234":5,"235":5,"236":1,"237":1,"238":0,"239":0,"240":0,"241":0,"242":0,"243":0,"244":0,"245":0,"246":1,"247":0,"248":0,"249":0,"250":0,"251":0,"252":0,"253":0,"254":1,"255":1,"256":0,"257":0,"258":0,"259":1,"260":1,"261":1},"branchMap":{"0":{"type":"branch","line":4,"loc":{"start":{"line":4,"column":0},"end":{"line":262,"column":1}},"locations":[{"start":{"line":4,"column":0},"end":{"line":262,"column":1}}]},"1":{"type":"branch","line":14,"loc":{"start":{"line":14,"column":4},"end":{"line":24,"column":5}},"locations":[{"start":{"line":14,"column":4},"end":{"line":24,"column":5}}]},"2":{"type":"branch","line":26,"loc":{"start":{"line":26,"column":4},"end":{"line":57,"column":5}},"locations":[{"start":{"line":26,"column":4},"end":{"line":57,"column":5}}]},"3":{"type":"branch","line":46,"loc":{"start":{"line":46,"column":-1},"end":{"line":57,"column":5}},"locations":[{"start":{"line":46,"column":-1},"end":{"line":57,"column":5}}]},"4":{"type":"branch","line":90,"loc":{"start":{"line":90,"column":4},"end":{"line":92,"column":5}},"locations":[{"start":{"line":90,"column":4},"end":{"line":92,"column":5}}]},"5":{"type":"branch","line":98,"loc":{"start":{"line":98,"column":4},"end":{"line":103,"column":5}},"locations":[{"start":{"line":98,"column":4},"end":{"line":103,"column":5}}]},"6":{"type":"branch","line":98,"loc":{"start":{"line":98,"column":28},"end":{"line":98,"column":44}},"locations":[{"start":{"line":98,"column":28},"end":{"line":98,"column":44}}]},"7":{"type":"branch","line":99,"loc":{"start":{"line":99,"column":35},"end":{"line":99,"column":41}},"locations":[{"start":{"line":99,"column":35},"end":{"line":99,"column":41}}]},"8":{"type":"branch","line":100,"loc":{"start":{"line":100,"column":16},"end":{"line":102,"column":9}},"locations":[{"start":{"line":100,"column":16},"end":{"line":102,"column":9}}]},"9":{"type":"branch","line":101,"loc":{"start":{"line":101,"column":41},"end":{"line":101,"column":50}},"locations":[{"start":{"line":101,"column":41},"end":{"line":101,"column":50}}]},"10":{"type":"branch","line":101,"loc":{"start":{"line":101,"column":51},"end":{"line":101,"column":60}},"locations":[{"start":{"line":101,"column":51},"end":{"line":101,"column":60}}]},"11":{"type":"branch","line":105,"loc":{"start":{"line":105,"column":4},"end":{"line":120,"column":5}},"locations":[{"start":{"line":105,"column":4},"end":{"line":120,"column":5}}]},"12":{"type":"branch","line":106,"loc":{"start":{"line":106,"column":64},"end":{"line":106,"column":84}},"locations":[{"start":{"line":106,"column":64},"end":{"line":106,"column":84}}]},"13":{"type":"branch","line":106,"loc":{"start":{"line":106,"column":85},"end":{"line":106,"column":105}},"locations":[{"start":{"line":106,"column":85},"end":{"line":106,"column":105}}]},"14":{"type":"branch","line":117,"loc":{"start":{"line":117,"column":38},"end":{"line":117,"column":56}},"locations":[{"start":{"line":117,"column":38},"end":{"line":117,"column":56}}]},"15":{"type":"branch","line":117,"loc":{"start":{"line":117,"column":57},"end":{"line":117,"column":61}},"locations":[{"start":{"line":117,"column":57},"end":{"line":117,"column":61}}]},"16":{"type":"branch","line":118,"loc":{"start":{"line":118,"column":37},"end":{"line":118,"column":65}},"locations":[{"start":{"line":118,"column":37},"end":{"line":118,"column":65}}]},"17":{"type":"branch","line":118,"loc":{"start":{"line":118,"column":51},"end":{"line":118,"column":64}},"locations":[{"start":{"line":118,"column":51},"end":{"line":118,"column":64}}]},"18":{"type":"branch","line":118,"loc":{"start":{"line":118,"column":66},"end":{"line":118,"column":84}},"locations":[{"start":{"line":118,"column":66},"end":{"line":118,"column":84}}]},"19":{"type":"branch","line":118,"loc":{"start":{"line":118,"column":85},"end":{"line":118,"column":89}},"locations":[{"start":{"line":118,"column":85},"end":{"line":118,"column":89}}]},"20":{"type":"branch","line":146,"loc":{"start":{"line":146,"column":4},"end":{"line":188,"column":5}},"locations":[{"start":{"line":146,"column":4},"end":{"line":188,"column":5}}]},"21":{"type":"branch","line":163,"loc":{"start":{"line":163,"column":15},"end":{"line":163,"column":83}},"locations":[{"start":{"line":163,"column":15},"end":{"line":163,"column":83}}]},"22":{"type":"branch","line":164,"loc":{"start":{"line":164,"column":15},"end":{"line":164,"column":20}},"locations":[{"start":{"line":164,"column":15},"end":{"line":164,"column":20}}]},"23":{"type":"branch","line":165,"loc":{"start":{"line":165,"column":15},"end":{"line":165,"column":33}},"locations":[{"start":{"line":165,"column":15},"end":{"line":165,"column":33}}]},"24":{"type":"branch","line":166,"loc":{"start":{"line":166,"column":10},"end":{"line":171,"column":9}},"locations":[{"start":{"line":166,"column":10},"end":{"line":171,"column":9}}]},"25":{"type":"branch","line":179,"loc":{"start":{"line":179,"column":38},"end":{"line":179,"column":42}},"locations":[{"start":{"line":179,"column":38},"end":{"line":179,"column":42}}]},"26":{"type":"branch","line":179,"loc":{"start":{"line":179,"column":43},"end":{"line":179,"column":47}},"locations":[{"start":{"line":179,"column":43},"end":{"line":179,"column":47}}]},"27":{"type":"branch","line":180,"loc":{"start":{"line":180,"column":38},"end":{"line":180,"column":42}},"locations":[{"start":{"line":180,"column":38},"end":{"line":180,"column":42}}]},"28":{"type":"branch","line":180,"loc":{"start":{"line":180,"column":43},"end":{"line":180,"column":47}},"locations":[{"start":{"line":180,"column":43},"end":{"line":180,"column":47}}]},"29":{"type":"branch","line":183,"loc":{"start":{"line":183,"column":31},"end":{"line":183,"column":149}},"locations":[{"start":{"line":183,"column":31},"end":{"line":183,"column":149}}]},"30":{"type":"branch","line":154,"loc":{"start":{"line":154,"column":26},"end":{"line":154,"column":66}},"locations":[{"start":{"line":154,"column":26},"end":{"line":154,"column":66}}]},"31":{"type":"branch","line":190,"loc":{"start":{"line":190,"column":4},"end":{"line":194,"column":5}},"locations":[{"start":{"line":190,"column":4},"end":{"line":194,"column":5}}]},"32":{"type":"branch","line":208,"loc":{"start":{"line":208,"column":4},"end":{"line":214,"column":5}},"locations":[{"start":{"line":208,"column":4},"end":{"line":214,"column":5}}]},"33":{"type":"branch","line":208,"loc":{"start":{"line":208,"column":45},"end":{"line":208,"column":61}},"locations":[{"start":{"line":208,"column":45},"end":{"line":208,"column":61}}]},"34":{"type":"branch","line":212,"loc":{"start":{"line":212,"column":53},"end":{"line":212,"column":59}},"locations":[{"start":{"line":212,"column":53},"end":{"line":212,"column":59}}]},"35":{"type":"branch","line":216,"loc":{"start":{"line":216,"column":4},"end":{"line":218,"column":5}},"locations":[{"start":{"line":216,"column":4},"end":{"line":218,"column":5}}]},"36":{"type":"branch","line":233,"loc":{"start":{"line":233,"column":4},"end":{"line":236,"column":5}},"locations":[{"start":{"line":233,"column":4},"end":{"line":236,"column":5}}]}},"b":{"0":[1],"1":[5],"2":[5],"3":[0],"4":[1],"5":[6],"6":[0],"7":[24],"8":[8],"9":[7],"10":[1],"11":[7],"12":[6],"13":[1],"14":[6],"15":[1],"16":[6],"17":[3],"18":[5],"19":[2],"20":[5],"21":[175],"22":[175],"23":[174],"24":[174],"25":[1],"26":[4],"27":[1],"28":[4],"29":[4],"30":[174],"31":[4],"32":[174],"33":[0],"34":[308],"35":[8],"36":[5]},"fnMap":{"0":{"name":"DrawCanvas","decl":{"start":{"line":14,"column":4},"end":{"line":24,"column":5}},"loc":{"start":{"line":14,"column":4},"end":{"line":24,"column":5}},"line":14},"1":{"name":"Object.<anonymous>.DrawCanvas.init","decl":{"start":{"line":26,"column":4},"end":{"line":57,"column":5}},"loc":{"start":{"line":26,"column":4},"end":{"line":57,"column":5}},"line":26},"2":{"name":"initCircles","decl":{"start":{"line":28,"column":28},"end":{"line":43,"column":9}},"loc":{"start":{"line":28,"column":28},"end":{"line":43,"column":9}},"line":28},"3":{"name":"Object.<anonymous>.DrawCanvas.getCoord","decl":{"start":{"line":59,"column":4},"end":{"line":84,"column":5}},"loc":{"start":{"line":59,"column":4},"end":{"line":84,"column":5}},"line":59},"4":{"name":"get","decl":{"start":{"line":86,"column":4},"end":{"line":88,"column":5}},"loc":{"start":{"line":86,"column":4},"end":{"line":88,"column":5}},"line":86},"5":{"name":"set","decl":{"start":{"line":90,"column":4},"end":{"line":92,"column":5}},"loc":{"start":{"line":90,"column":4},"end":{"line":92,"column":5}},"line":90},"6":{"name":"get","decl":{"start":{"line":94,"column":4},"end":{"line":96,"column":5}},"loc":{"start":{"line":94,"column":4},"end":{"line":96,"column":5}},"line":94},"7":{"name":"Object.<anonymous>.DrawCanvas.getLeftBottomMostCircle","decl":{"start":{"line":98,"column":4},"end":{"line":103,"column":5}},"loc":{"start":{"line":98,"column":4},"end":{"line":103,"column":5}},"line":98},"8":{"name":"circles.filter.reduce.x","decl":{"start":{"line":100,"column":16},"end":{"line":102,"column":9}},"loc":{"start":{"line":100,"column":16},"end":{"line":102,"column":9}},"line":100},"9":{"name":"Object.<anonymous>.DrawCanvas.getTouchingPoints","decl":{"start":{"line":105,"column":4},"end":{"line":120,"column":5}},"loc":{"start":{"line":105,"column":4},"end":{"line":120,"column":5}},"line":105},"10":{"name":"Object.<anonymous>.DrawCanvas.getTurningPoints","decl":{"start":{"line":122,"column":4},"end":{"line":144,"column":5}},"loc":{"start":{"line":122,"column":4},"end":{"line":144,"column":5}},"line":122},"11":{"name":"Object.<anonymous>.DrawCanvas.getNextTurningPoint","decl":{"start":{"line":146,"column":4},"end":{"line":188,"column":5}},"loc":{"start":{"line":146,"column":4},"end":{"line":188,"column":5}},"line":146},"12":{"name":"getNextXY","decl":{"start":{"line":154,"column":26},"end":{"line":154,"column":66}},"loc":{"start":{"line":154,"column":26},"end":{"line":154,"column":66}},"line":154},"13":{"name":"Object.<anonymous>.DrawCanvas.getStartingPoint","decl":{"start":{"line":190,"column":4},"end":{"line":194,"column":5}},"loc":{"start":{"line":190,"column":4},"end":{"line":194,"column":5}},"line":190},"14":{"name":"Object.<anonymous>.DrawCanvas.calculateRadiansWithCosine","decl":{"start":{"line":196,"column":4},"end":{"line":206,"column":5}},"loc":{"start":{"line":196,"column":4},"end":{"line":206,"column":5}},"line":196},"15":{"name":"Object.<anonymous>.DrawCanvas.getNextTouchingCircle","decl":{"start":{"line":208,"column":4},"end":{"line":214,"column":5}},"loc":{"start":{"line":208,"column":4},"end":{"line":214,"column":5}},"line":208},"16":{"name":"Object.<anonymous>.DrawCanvas.extendCircle","decl":{"start":{"line":216,"column":4},"end":{"line":218,"column":5}},"loc":{"start":{"line":216,"column":4},"end":{"line":218,"column":5}},"line":216},"17":{"name":"Object.<anonymous>.DrawCanvas.getDist","decl":{"start":{"line":220,"column":4},"end":{"line":223,"column":5}},"loc":{"start":{"line":220,"column":4},"end":{"line":223,"column":5}},"line":220},"18":{"name":"Object.<anonymous>.DrawCanvas.toRadians","decl":{"start":{"line":225,"column":4},"end":{"line":227,"column":5}},"loc":{"start":{"line":225,"column":4},"end":{"line":227,"column":5}},"line":225},"19":{"name":"Object.<anonymous>.DrawCanvas.toDegrees","decl":{"start":{"line":229,"column":4},"end":{"line":231,"column":5}},"loc":{"start":{"line":229,"column":4},"end":{"line":231,"column":5}},"line":229},"20":{"name":"Object.<anonymous>.DrawCanvas.setCanvasSize","decl":{"start":{"line":233,"column":4},"end":{"line":236,"column":5}},"loc":{"start":{"line":233,"column":4},"end":{"line":236,"column":5}},"line":233},"21":{"name":"Object.<anonymous>.DrawCanvas.drawCircle","decl":{"start":{"line":238,"column":4},"end":{"line":246,"column":5}},"loc":{"start":{"line":238,"column":4},"end":{"line":246,"column":5}},"line":238},"22":{"name":"Object.<anonymous>.DrawCanvas.drawArc","decl":{"start":{"line":247,"column":4},"end":{"line":254,"column":5}},"loc":{"start":{"line":247,"column":4},"end":{"line":254,"column":5}},"line":247},"23":{"name":"Object.<anonymous>.DrawCanvas.clearRect","decl":{"start":{"line":256,"column":4},"end":{"line":259,"column":5}},"loc":{"start":{"line":256,"column":4},"end":{"line":259,"column":5}},"line":256}},"f":{"0":5,"1":5,"2":0,"3":0,"4":0,"5":1,"6":0,"7":6,"8":8,"9":7,"10":0,"11":5,"12":174,"13":4,"14":0,"15":174,"16":8,"17":0,"18":0,"19":0,"20":5,"21":0,"22":0,"23":0}}
}
