TN:
SF:src/js/drawCanvas.ts
FN:14,DrawCanvas
FN:26,Object.<anonymous>.DrawCanvas.init
FN:28,initCircles
FN:59,Object.<anonymous>.DrawCanvas.getCoord
FN:86,get
FN:90,set
FN:94,get
FN:98,Object.<anonymous>.DrawCanvas.getLeftBottomMostCircle
FN:100,circles.filter.reduce.x
FN:105,Object.<anonymous>.DrawCanvas.getTouchingPoints
FN:122,Object.<anonymous>.DrawCanvas.getTurningPoints
FN:146,Object.<anonymous>.DrawCanvas.getNextTurningPoint
FN:154,getNextXY
FN:190,Object.<anonymous>.DrawCanvas.getStartingPoint
FN:196,Object.<anonymous>.DrawCanvas.calculateRadiansWithCosine
FN:208,Object.<anonymous>.DrawCanvas.getNextTouchingCircle
FN:216,Object.<anonymous>.DrawCanvas.extendCircle
FN:220,Object.<anonymous>.DrawCanvas.getDist
FN:225,Object.<anonymous>.DrawCanvas.toRadians
FN:229,Object.<anonymous>.DrawCanvas.toDegrees
FN:233,Object.<anonymous>.DrawCanvas.setCanvasSize
FN:238,Object.<anonymous>.DrawCanvas.drawCircle
FN:247,Object.<anonymous>.DrawCanvas.drawArc
FN:256,Object.<anonymous>.DrawCanvas.clearRect
FNF:24
FNH:12
FNDA:5,DrawCanvas
FNDA:5,Object.<anonymous>.DrawCanvas.init
FNDA:0,initCircles
FNDA:0,Object.<anonymous>.DrawCanvas.getCoord
FNDA:0,get
FNDA:1,set
FNDA:0,get
FNDA:6,Object.<anonymous>.DrawCanvas.getLeftBottomMostCircle
FNDA:8,circles.filter.reduce.x
FNDA:7,Object.<anonymous>.DrawCanvas.getTouchingPoints
FNDA:0,Object.<anonymous>.DrawCanvas.getTurningPoints
FNDA:5,Object.<anonymous>.DrawCanvas.getNextTurningPoint
FNDA:174,getNextXY
FNDA:4,Object.<anonymous>.DrawCanvas.getStartingPoint
FNDA:0,Object.<anonymous>.DrawCanvas.calculateRadiansWithCosine
FNDA:174,Object.<anonymous>.DrawCanvas.getNextTouchingCircle
FNDA:8,Object.<anonymous>.DrawCanvas.extendCircle
FNDA:0,Object.<anonymous>.DrawCanvas.getDist
FNDA:0,Object.<anonymous>.DrawCanvas.toRadians
FNDA:0,Object.<anonymous>.DrawCanvas.toDegrees
FNDA:5,Object.<anonymous>.DrawCanvas.setCanvasSize
FNDA:0,Object.<anonymous>.DrawCanvas.drawCircle
FNDA:0,Object.<anonymous>.DrawCanvas.drawArc
FNDA:0,Object.<anonymous>.DrawCanvas.clearRect
DA:1,1
DA:2,1
DA:3,1
DA:4,1
DA:5,1
DA:6,1
DA:7,1
DA:8,1
DA:9,1
DA:10,1
DA:11,1
DA:12,1
DA:13,1
DA:14,1
DA:15,5
DA:16,5
DA:17,5
DA:18,5
DA:19,5
DA:20,5
DA:21,5
DA:22,5
DA:23,5
DA:24,5
DA:25,1
DA:26,1
DA:27,5
DA:28,5
DA:29,0
DA:30,0
DA:31,0
DA:32,0
DA:33,0
DA:34,0
DA:35,0
DA:36,0
DA:37,0
DA:38,0
DA:39,0
DA:40,0
DA:41,0
DA:42,0
DA:43,0
DA:44,5
DA:45,5
DA:46,0
DA:47,0
DA:48,0
DA:49,0
DA:50,0
DA:51,0
DA:52,0
DA:53,0
DA:54,0
DA:55,0
DA:56,0
DA:57,0
DA:58,1
DA:59,1
DA:60,0
DA:61,0
DA:62,0
DA:63,0
DA:64,0
DA:65,0
DA:66,0
DA:67,0
DA:68,0
DA:69,0
DA:70,0
DA:71,0
DA:72,0
DA:73,0
DA:74,0
DA:75,0
DA:76,0
DA:77,0
DA:78,0
DA:79,0
DA:80,0
DA:81,0
DA:82,0
DA:83,0
DA:84,0
DA:85,1
DA:86,1
DA:87,0
DA:88,0
DA:89,1
DA:90,1
DA:91,1
DA:92,1
DA:93,1
DA:94,1
DA:95,0
DA:96,0
DA:97,1
DA:98,1
DA:99,6
DA:100,6
DA:101,8
DA:102,6
DA:103,6
DA:104,1
DA:105,1
DA:106,7
DA:107,7
DA:108,7
DA:109,7
DA:110,7
DA:111,7
DA:112,7
DA:113,7
DA:114,7
DA:115,7
DA:116,7
DA:117,7
DA:118,7
DA:119,7
DA:120,7
DA:121,1
DA:122,1
DA:123,0
DA:124,0
DA:125,0
DA:126,0
DA:127,0
DA:128,0
DA:129,0
DA:130,0
DA:131,0
DA:132,0
DA:133,0
DA:134,0
DA:135,0
DA:136,0
DA:137,0
DA:138,0
DA:139,0
DA:140,0
DA:141,0
DA:142,0
DA:143,0
DA:144,0
DA:145,1
DA:146,1
DA:147,5
DA:148,5
DA:149,5
DA:150,5
DA:151,5
DA:152,5
DA:153,5
DA:154,5
DA:155,5
DA:156,5
DA:157,5
DA:158,5
DA:159,5
DA:160,5
DA:161,5
DA:162,5
DA:163,5
DA:164,5
DA:165,5
DA:166,5
DA:167,174
DA:168,174
DA:169,174
DA:170,174
DA:171,174
DA:172,5
DA:173,5
DA:174,5
DA:175,5
DA:176,5
DA:177,5
DA:178,5
DA:179,5
DA:180,5
DA:181,5
DA:182,5
DA:183,5
DA:184,5
DA:185,5
DA:186,5
DA:187,5
DA:188,5
DA:189,1
DA:190,1
DA:191,4
DA:192,4
DA:193,4
DA:194,4
DA:195,1
DA:196,1
DA:197,0
DA:198,0
DA:199,0
DA:200,0
DA:201,0
DA:202,0
DA:203,0
DA:204,0
DA:205,0
DA:206,0
DA:207,1
DA:208,1
DA:209,174
DA:210,174
DA:211,174
DA:212,174
DA:213,174
DA:214,174
DA:215,1
DA:216,1
DA:217,8
DA:218,8
DA:219,1
DA:220,1
DA:221,0
DA:222,0
DA:223,0
DA:224,1
DA:225,1
DA:226,0
DA:227,0
DA:228,1
DA:229,1
DA:230,0
DA:231,0
DA:232,1
DA:233,1
DA:234,5
DA:235,5
DA:236,5
DA:237,1
DA:238,1
DA:239,0
DA:240,0
DA:241,0
DA:242,0
DA:243,0
DA:244,0
DA:245,0
DA:246,0
DA:247,1
DA:248,0
DA:249,0
DA:250,0
DA:251,0
DA:252,0
DA:253,0
DA:254,0
DA:255,1
DA:256,1
DA:257,0
DA:258,0
DA:259,0
DA:260,1
DA:261,1
DA:262,1
LF:262
LH:149
BRDA:4,0,0,1
BRDA:14,1,0,5
BRDA:26,2,0,5
BRDA:46,3,0,0
BRDA:90,4,0,1
BRDA:98,5,0,6
BRDA:98,6,0,0
BRDA:99,7,0,24
BRDA:100,8,0,8
BRDA:101,9,0,7
BRDA:101,10,0,1
BRDA:105,11,0,7
BRDA:106,12,0,6
BRDA:106,13,0,1
BRDA:117,14,0,6
BRDA:117,15,0,1
BRDA:118,16,0,6
BRDA:118,17,0,3
BRDA:118,18,0,5
BRDA:118,19,0,2
BRDA:146,20,0,5
BRDA:163,21,0,175
BRDA:164,22,0,175
BRDA:165,23,0,174
BRDA:166,24,0,174
BRDA:179,25,0,1
BRDA:179,26,0,4
BRDA:180,27,0,1
BRDA:180,28,0,4
BRDA:183,29,0,4
BRDA:154,30,0,174
BRDA:190,31,0,4
BRDA:208,32,0,174
BRDA:208,33,0,0
BRDA:212,34,0,308
BRDA:216,35,0,8
BRDA:233,36,0,5
BRF:37
BRH:34
end_of_record
